<?xml version="1.0" encoding="UTF-8"?>
<!-- Generated by org.testng.reporters.JUnitXMLReporter -->
<testsuite hostname="Shailesh" ignored="0" name="Default test" tests="4" failures="0" timestamp="15 Sep 2019 23:00:50 GMT" time="0.104" errors="0">
  <testcase name="testAudi" time="0.011" classname="testclasses.TestNg_Grouping"/>
  <testcase name="testBMW" time="0.005" classname="testclasses.TestNg_Grouping"/>
  <testcase name="testHero" time="0.003" classname="testclasses.TestNg_Grouping"/>
  <testcase name="testYamaha" time="0.011" classname="testclasses.TestNg_Grouping"/>
</testsuite> <!-- Default test -->
