<?xml version="1.0" encoding="UTF-8"?>
<!-- Generated by org.testng.reporters.JUnitXMLReporter -->
<testsuite hostname="Shailesh" ignored="0" name="Default test" tests="3" failures="0" timestamp="14 Sep 2019 14:35:43 GMT" time="0.108" errors="0">
  <testcase name="atestMethod2" time="0.023" classname="testclasses.TestAnnotation"/>
  <testcase name="testMethod1" time="0.009" classname="testclasses.TestAnnotation"/>
  <testcase name="testMethod3" time="0.004" classname="testclasses.TestAnnotation"/>
</testsuite> <!-- Default test -->
