<?xml version="1.0" encoding="UTF-8"?>
<!-- Generated by org.testng.reporters.JUnitXMLReporter -->
<testsuite hostname="SEZT1FF221NCU" ignored="0" name="Application Test" tests="3" failures="1" timestamp="2019-09-18T13:47:29 IST" time="0.034" errors="0">
  <testcase name="testMethod2" time="0.005" classname="reporterDemo.TestNG_ReportsAndLogs">
    <failure type="java.lang.AssertionError" message="did not expect to find [true] but found [false]">
      <![CDATA[java.lang.AssertionError: did not expect to find [true] but found [false]
at reporterDemo.TestNG_ReportsAndLogs.testMethod2(TestNG_ReportsAndLogs.java:41)
at java.util.ArrayList.forEach(Unknown Source)
... Removed 31 stack frames]]>
    </failure>
  </testcase> <!-- testMethod2 -->
  <testcase name="testMethod1" time="0.0" classname="reporterDemo.TestNG_ReportsAndLogs"/>
  <testcase name="testMethod3" time="0.0" classname="reporterDemo.TestNG_ReportsAndLogs">
    <skipped/>
  </testcase> <!-- testMethod3 -->
</testsuite> <!-- Application Test -->
