<?xml version="1.0" encoding="UTF-8"?>
<!-- Generated by org.testng.reporters.JUnitXMLReporter -->
<testsuite hostname="Shailesh" ignored="2" name="GroupsDemo" tests="2" failures="0" timestamp="15 Sep 2019 23:01:09 GMT" time="0.108" errors="0">
  <testcase name="testHero" time="0.009" classname="testclasses.TestNg_Grouping"/>
  <testcase name="testYamaha" time="0.005" classname="testclasses.TestNg_Grouping"/>
  <testcase name="testAudi" time="0.0" classname="testclasses.TestNg_Grouping">
    <ignored/>
  </testcase> <!-- testAudi -->
  <testcase name="testBMW" time="0.0" classname="testclasses.TestNg_Grouping">
    <ignored/>
  </testcase> <!-- testBMW -->
</testsuite> <!-- GroupsDemo -->
