<?xml version="1.0" encoding="UTF-8"?>
<testng-results skipped="0" failed="0" ignored="0" total="3" passed="3">
  <reporter-output>
  </reporter-output>
  <suite name="Default suite" duration-ms="108" started-at="2019-09-14T14:35:43Z" finished-at="2019-09-14T14:35:43Z">
    <groups>
    </groups>
    <test name="Default test" duration-ms="108" started-at="2019-09-14T14:35:43Z" finished-at="2019-09-14T14:35:43Z">
      <class name="testclasses.TestAnnotation">
        <test-method status="PASS" signature="atestMethod2()[pri:0, instance:testclasses.TestAnnotation@4de8b406]" name="atestMethod2" duration-ms="23" started-at="2019-09-14T14:35:43Z" finished-at="2019-09-14T14:35:43Z">
          <reporter-output>
          </reporter-output>
        </test-method> <!-- atestMethod2 -->
        <test-method status="PASS" signature="testMethod1()[pri:0, instance:testclasses.TestAnnotation@4de8b406]" name="testMethod1" duration-ms="9" started-at="2019-09-14T14:35:43Z" finished-at="2019-09-14T14:35:43Z">
          <reporter-output>
          </reporter-output>
        </test-method> <!-- testMethod1 -->
        <test-method status="PASS" signature="testMethod3()[pri:0, instance:testclasses.TestAnnotation@4de8b406]" name="testMethod3" duration-ms="4" started-at="2019-09-14T14:35:43Z" finished-at="2019-09-14T14:35:43Z">
          <reporter-output>
          </reporter-output>
        </test-method> <!-- testMethod3 -->
      </class> <!-- testclasses.TestAnnotation -->
    </test> <!-- Default test -->
  </suite> <!-- Default suite -->
</testng-results>
