<?xml version="1.0" encoding="UTF-8"?>
<testng-results skipped="0" failed="0" ignored="0" total="1" passed="1">
  <reporter-output>
  </reporter-output>
  <suite name="Default suite" duration-ms="17135" started-at="2019-09-19T11:36:29 IST" finished-at="2019-09-19T11:36:46 IST">
    <groups>
    </groups>
    <test name="Default test" duration-ms="17135" started-at="2019-09-19T11:36:29 IST" finished-at="2019-09-19T11:36:46 IST">
      <class name="testclasses.SeleniumLoginTest">
        <test-method status="PASS" signature="beforeClass()[pri:0, instance:testclasses.SeleniumLoginTest@7d907bac]" name="beforeClass" is-config="true" duration-ms="6849" started-at="2019-09-19T11:36:29 IST" finished-at="2019-09-19T11:36:36 IST">
          <reporter-output>
          </reporter-output>
        </test-method> <!-- beforeClass -->
        <test-method status="PASS" signature="test1_ValidLoginTest()[pri:0, instance:testclasses.SeleniumLoginTest@7d907bac]" name="test1_ValidLoginTest" duration-ms="9439" started-at="2019-09-19T11:36:36 IST" finished-at="2019-09-19T11:36:46 IST">
          <reporter-output>
          </reporter-output>
        </test-method> <!-- test1_ValidLoginTest -->
        <test-method status="PASS" signature="afterClass()[pri:0, instance:testclasses.SeleniumLoginTest@7d907bac]" name="afterClass" is-config="true" duration-ms="824" started-at="2019-09-19T11:36:46 IST" finished-at="2019-09-19T11:36:46 IST">
          <reporter-output>
          </reporter-output>
        </test-method> <!-- afterClass -->
      </class> <!-- testclasses.SeleniumLoginTest -->
    </test> <!-- Default test -->
  </suite> <!-- Default suite -->
</testng-results>
